
SQL*Loader: Release 12.2.0.1.0 - Production on Mon Oct 2 17:42:09 2017

Copyright (c) 1982, 2017, Oracle and/or its affiliates.  All rights reserved.

Control File:   /home/oracle/shares/sqlldr.ctl
Data File:      /home/oracle/shares/temp/price.txt
  Bad File:     /home/oracle/shares/temp/error.txt
  Discard File:  none specified
 
 (Allow all discards)

Number to load: ALL
Number to skip: 0
Errors allowed: 50
Bind array:     64 rows, maximum of 256000 bytes
Continuation:    none specified
Path used:      Conventional

Table SHARESANSAR, loaded from every logical record.
Insert option in effect for this table: APPEND

   Column Name                  Position   Len  Term Encl Datatype
------------------------------ ---------- ----- ---- ---- ---------------------
P_DATE                              FIRST     *   ,       CHARACTER            
C_NAME                               NEXT     *   ,       CHARACTER            
C_SYMBOL                             NEXT     *   ,       CHARACTER            
OPEN_PRICE                           NEXT     *   ,       CHARACTER            
MAX_PRICE                            NEXT     *   ,       CHARACTER            
MIN_PRICE                            NEXT     *   ,       CHARACTER            
CLOSE_PRICE                          NEXT     *   ,       CHARACTER            
VOL_TRADED                           NEXT     *   ,       CHARACTER            

Record 1: Rejected - Error on table SHARESANSAR, column P_DATE.
ORA-01843: not a valid month

Record 2: Rejected - Error on table SHARESANSAR, column P_DATE.
ORA-01843: not a valid month

Record 3: Rejected - Error on table SHARESANSAR, column P_DATE.
ORA-01843: not a valid month

Record 4: Rejected - Error on table SHARESANSAR, column P_DATE.
ORA-01843: not a valid month

Record 5: Rejected - Error on table SHARESANSAR, column P_DATE.
ORA-01843: not a valid month

Record 6: Rejected - Error on table SHARESANSAR, column P_DATE.
ORA-01843: not a valid month

Record 7: Rejected - Error on table SHARESANSAR, column P_DATE.
ORA-01843: not a valid month

Record 8: Rejected - Error on table SHARESANSAR, column P_DATE.
ORA-01843: not a valid month

Record 9: Rejected - Error on table SHARESANSAR, column P_DATE.
ORA-01843: not a valid month

Record 10: Rejected - Error on table SHARESANSAR, column P_DATE.
ORA-01843: not a valid month

Record 11: Rejected - Error on table SHARESANSAR, column P_DATE.
ORA-01843: not a valid month

Record 12: Rejected - Error on table SHARESANSAR, column P_DATE.
ORA-01843: not a valid month

Record 13: Rejected - Error on table SHARESANSAR, column P_DATE.
ORA-01843: not a valid month

Record 14: Rejected - Error on table SHARESANSAR, column P_DATE.
ORA-01843: not a valid month

Record 15: Rejected - Error on table SHARESANSAR, column P_DATE.
ORA-01843: not a valid month

Record 16: Rejected - Error on table SHARESANSAR, column P_DATE.
ORA-01843: not a valid month

Record 17: Rejected - Error on table SHARESANSAR, column P_DATE.
ORA-01843: not a valid month

Record 18: Rejected - Error on table SHARESANSAR, column P_DATE.
ORA-01843: not a valid month

Record 19: Rejected - Error on table SHARESANSAR, column P_DATE.
ORA-01843: not a valid month

Record 20: Rejected - Error on table SHARESANSAR, column P_DATE.
ORA-01843: not a valid month

Record 21: Rejected - Error on table SHARESANSAR, column P_DATE.
ORA-01843: not a valid month

Record 22: Rejected - Error on table SHARESANSAR, column P_DATE.
ORA-01843: not a valid month

Record 23: Rejected - Error on table SHARESANSAR, column P_DATE.
ORA-01843: not a valid month

Record 24: Rejected - Error on table SHARESANSAR, column P_DATE.
ORA-01843: not a valid month

Record 25: Rejected - Error on table SHARESANSAR, column P_DATE.
ORA-01843: not a valid month

Record 26: Rejected - Error on table SHARESANSAR, column P_DATE.
ORA-01843: not a valid month

Record 27: Rejected - Error on table SHARESANSAR, column P_DATE.
ORA-01843: not a valid month

Record 28: Rejected - Error on table SHARESANSAR, column P_DATE.
ORA-01843: not a valid month

Record 29: Rejected - Error on table SHARESANSAR, column P_DATE.
ORA-01843: not a valid month

Record 30: Rejected - Error on table SHARESANSAR, column P_DATE.
ORA-01843: not a valid month

Record 31: Rejected - Error on table SHARESANSAR, column P_DATE.
ORA-01843: not a valid month

Record 32: Rejected - Error on table SHARESANSAR, column P_DATE.
ORA-01843: not a valid month

Record 33: Rejected - Error on table SHARESANSAR, column P_DATE.
ORA-01843: not a valid month

Record 34: Rejected - Error on table SHARESANSAR, column P_DATE.
ORA-01843: not a valid month

Record 35: Rejected - Error on table SHARESANSAR, column P_DATE.
ORA-01843: not a valid month

Record 36: Rejected - Error on table SHARESANSAR, column P_DATE.
ORA-01843: not a valid month

Record 37: Rejected - Error on table SHARESANSAR, column P_DATE.
ORA-01843: not a valid month

Record 38: Rejected - Error on table SHARESANSAR, column P_DATE.
ORA-01843: not a valid month

Record 39: Rejected - Error on table SHARESANSAR, column P_DATE.
ORA-01843: not a valid month

Record 40: Rejected - Error on table SHARESANSAR, column P_DATE.
ORA-01843: not a valid month

Record 41: Rejected - Error on table SHARESANSAR, column P_DATE.
ORA-01843: not a valid month

Record 42: Rejected - Error on table SHARESANSAR, column P_DATE.
ORA-01843: not a valid month

Record 43: Rejected - Error on table SHARESANSAR, column P_DATE.
ORA-01843: not a valid month

Record 44: Rejected - Error on table SHARESANSAR, column P_DATE.
ORA-01843: not a valid month

Record 45: Rejected - Error on table SHARESANSAR, column P_DATE.
ORA-01843: not a valid month

Record 46: Rejected - Error on table SHARESANSAR, column P_DATE.
ORA-01843: not a valid month

Record 47: Rejected - Error on table SHARESANSAR, column P_DATE.
ORA-01843: not a valid month

Record 48: Rejected - Error on table SHARESANSAR, column P_DATE.
ORA-01843: not a valid month

Record 49: Rejected - Error on table SHARESANSAR, column P_DATE.
ORA-01843: not a valid month

Record 50: Rejected - Error on table SHARESANSAR, column P_DATE.
ORA-01843: not a valid month

Record 51: Rejected - Error on table SHARESANSAR, column P_DATE.
ORA-01843: not a valid month


MAXIMUM ERROR COUNT EXCEEDED - Above statistics reflect partial run.

Table SHARESANSAR:
  0 Rows successfully loaded.
  51 Rows not loaded due to data errors.
  0 Rows not loaded because all WHEN clauses were failed.
  0 Rows not loaded because all fields were null.


Space allocated for bind array:                 132096 bytes(64 rows)
Read   buffer bytes: 1048576

Total logical records skipped:          0
Total logical records read:            64
Total logical records rejected:        51
Total logical records discarded:        0

Run began on Mon Oct 02 17:42:09 2017
Run ended on Mon Oct 02 17:42:15 2017

Elapsed time was:     00:00:05.76
CPU time was:         00:00:00.02
